<?xml version="1.0" encoding="UTF-8"?>
<!-- Generated by org.testng.reporters.JUnitReportReporter -->
<testsuite hostname="LAPTOP-5NNV456M" name="BNZTesnNGPak.BNZTestNGs" tests="1" failures="0" timestamp="2 Feb 2018 05:39:11 GMT" time="12.294" errors="0">
  <testcase name="testMainPage" time="12.294" classname="BNZTesnNGPak.BNZTestNGs"/>
</testsuite> <!-- BNZTesnNGPak.BNZTestNGs -->
